MPASM  5.51                          YENI.ASM   11-5-2019  10:35:09         PAGE  1


LOC  OBJECT CODE     LINE SOURCE TEXT
  VALUE

                      00001 #include<p16f877.inc>
                      00001         LIST
                      00002 
                      00003 ;==========================================================================
                      00004 ;  MPASM PIC16F877 processor include
                      00005 ; 
                      00006 ;  (c) Copyright 1999-2013 Microchip Technology, All rights reserved
                      00007 ;==========================================================================
                      00008 
                      00540         LIST
Warning[205]: Found directive in column 1. (__CONFIG)
2007   3F31           00002 __CONFIG H'3F31'
  00000021            00003 Sayac1          EQU     0X21
  00000022            00004 Sayac2          EQU     0X22
  00000023            00005 Sayac3          EQU     0X23
  00000026            00006 Aportundaki_deger       EQU     0X26
  00000027            00007 Bportundaki_deger       EQU     0X27
0000                  00008                         ORG     0X0000
0000   2801           00009                         goto    Setup
                      00010 
0001                  00011 Setup
0001   1683 1303      00012         Banksel         ADCON1
0003   3006           00013         Movlw           0x06    
Message[302]: Register in operand not in bank 0.  Ensure that bank bits are correct.
0004   009F           00014         Movwf           ADCON1  ; A portunu analogtan dijitale çevirdik
0005   1683 1303      00015         Banksel         TRISA
0007   3030           00016         Movlw           b'00110000'
Message[302]: Register in operand not in bank 0.  Ensure that bank bits are correct.
0008   0085           00017         Movwf           TRISA           ; A portunun ilk 4 bitini giris,diger 2'yi cýktý yaptýk
0009   1283 1303      00018         Banksel         PORTA
000B   0185           00019         Clrf            PORTA           ; A portunu sýfýrladýk
000C   1683 1303      00020         Banksel         TRISB
Message[302]: Register in operand not in bank 0.  Ensure that bank bits are correct.
000E   0186           00021         Clrf            TRISB           ; B portunu cikti yaptýk
000F   1283 1303      00022         Banksel         PORTB
0011   0186           00023         Clrf            PORTB           ; B portunu sýfýrladýk
0012   300A           00024         Movlw           D'10'           
0013   00A3           00025         Movwf           Sayac3          ; 10 defa döngü yapmak için
0014   01A6           00026         Clrf            Aportundaki_deger
0015   01A7           00027         Clrf            Bportundaki_deger
0016   2817           00028         goto            kontrol_bir
                      00029 
0017                  00030 kontrol_bir                                     ; geri sayma butonu mu aktif
0017   1E85           00031         Btfss           PORTA,5
0018   281A           00032         goto            kontrol_iki
0019   284A           00033         goto            a_portunu_fulle
                      00034 
001A                  00035 kontrol_iki                                     ; ileri sayma butonu mu aktif
001A   1E05           00036         Btfss           PORTA,4
001B   2817           00037         goto            kontrol_bir
001C   281D           00038         goto            ileri_say_sekiz_bit
                      00039 
                      00040 
MPASM  5.51                          YENI.ASM   11-5-2019  10:35:09         PAGE  2


LOC  OBJECT CODE     LINE SOURCE TEXT
  VALUE

001D                  00041 ileri_say_sekiz_bit                     ; B portunda ileri sayma islemi icin
001D   2059           00042         call            gecikme
001E   3001           00043         Movlw           0x01
001F   07A7           00044         Addwf           Bportundaki_deger,f
0020   0827           00045         Movfw           Bportundaki_deger
0021   0086           00046         Movwf           PORTB
0022   2052           00047         call            b_portu_hepsi_yaniyor_mu
                      00048 
0023   1E85           00049         Btfss           PORTA,5
0024   281D           00050         goto            ileri_say_sekiz_bit
0025   2826           00051         goto            sekiz_bit_geri_saydir
                      00052 
                      00053 
                      00054 
0026                  00055 sekiz_bit_geri_saydir
0026   2059           00056         call                    gecikme
                      00057 
0027   1403           00058         Bsf                     STATUS,C
                      00059 
0028   3001           00060         Movlw           b'1'
0029   02A7           00061         Subwf           Bportundaki_deger,f
                      00062 
002A   1C03           00063         Btfss           STATUS,C
002B   283E           00064         goto            a_portu_kontrol
002C   0827           00065         Movfw           Bportundaki_deger
002D   0086           00066         Movwf           PORTB
                      00067 
002E   1E05           00068         Btfss           PORTA,4
002F   2826           00069         goto            sekiz_bit_geri_saydir
0030   281D           00070         goto            ileri_say_sekiz_bit
                      00071         
                      00072 
                      00073 
0031                  00074 ileri_say_dort_bit                                              ; A portunun ileri saymasýný saglýyor
0031   2059           00075         call            gecikme
0032   1283 1303      00076         Banksel         PORTB
0034   0186           00077         Clrf                    PORTB
0035   01A7           00078         Clrf                    Bportundaki_deger
0036   1283 1303      00079         Banksel         PORTA
0038   0826           00080         Movfw           Aportundaki_deger       ; A portunun sayýsýný degiskende tutuyoruz
0039   3E01           00081         Addlw           b'1'
003A   00A6           00082         Movwf           Aportundaki_deger
003B   0085           00083         Movwf           PORTA
003C   0103           00084         Clrw
003D   0008           00085         return
                      00086 
003E                  00087 a_portu_kontrol                                         
003E   1403           00088         Bsf                     STATUS,C
003F   3001           00089         Movlw           0x01
0040   02A6           00090         Subwf           Aportundaki_deger,f
0041   1C03           00091         Btfss           STATUS,C                        ;a portundaki sayidan 1 cikinca sonuc eksi
0042   2847           00092         goto            a_portu_sifirla         ;oluyorsa o zaman b portundan azaltma 
                      00093                                                                         ;yapmamýz lazým burada onu kontr
MPASM  5.51                          YENI.ASM   11-5-2019  10:35:09         PAGE  3


LOC  OBJECT CODE     LINE SOURCE TEXT
  VALUE

                            ol ediyoruz
0043   2059           00094         call            gecikme
0044   0826           00095         Movfw           Aportundaki_deger       ;eger
0045   0085           00096         Movwf           PORTA
0046   284E           00097         goto            b_portunu_fulle
                      00098 
0047                  00099 a_portu_sifirla                                         ;a portunda deger olmayacaksa bu metot
0047   0185           00100         Clrf                    PORTA
0048   01A6           00101         Clrf                    Aportundaki_deger
0049   284A           00102         goto            a_portunu_fulle
                      00103 
004A                  00104 a_portunu_fulle                                         ;sayý geri saymaya devam ederken 0 olursa
004A   30FF           00105         Movlw           0xFF                            ;1 eksigi 255 olacagi icin a ve p portlarýnýn
004B   00A6           00106         Movwf           Aportundaki_deger       ;hepsini yakmamýz lazým
004C   0085           00107         Movwf           PORTA
004D   284E           00108         goto            b_portunu_fulle
                      00109 
004E                  00110 b_portunu_fulle                                         ;üsttekinin aynýsý
004E   30FF           00111         Movlw           0xFF
004F   0086           00112         Movwf           PORTB
0050   00A7           00113         Movwf           Bportundaki_deger
0051   2826           00114         goto            sekiz_bit_geri_saydir
                      00115         
                      00116 
0052                  00117 b_portu_hepsi_yaniyor_mu
0052   1283 1303      00118         Banksel         STATUS
0054   1D03           00119         Btfss           STATUS,Z                        ; 255'den 0a geçtiyse z biti 1 oluyor.eger z bit
                            i 1 olduysa a portunu yakmamýz lazým
0055   0008           00120         return
0056   1103           00121         Bcf                     STATUS,Z
0057   2031           00122         call                    ileri_say_dort_bit
0058   0008           00123         return
                      00124 
                      00125 
0059                  00126 gecikme                                         ;1 saniye gecikme için 10 defa 100ms gecikme yaptýrýyoru
                            z
                      00127         
0059   3001           00128         Movlw           D'1'
005A   00A3           00129         Movwf           Sayac3
005B   285C           00130         goto            dongu1
                      00131 
005C                  00132 dongu1                                          ;dongu 1,2,3 hesaplara göre 100ms gecikme yapýyor
005C   30B6           00133         Movlw           H'B6'
005D   00A1           00134         Movwf           Sayac1
005E   285F           00135         goto            dongu2
                      00136 
005F                  00137 dongu2
005F   30B6           00138         Movlw           H'B6'
0060   00A2           00139         Movwf           Sayac2
0061   2862           00140         goto            dongu3
                      00141 
0062                  00142 dongu3
0062   0BA2           00143         Decfsz          Sayac2,f
MPASM  5.51                          YENI.ASM   11-5-2019  10:35:09         PAGE  4


LOC  OBJECT CODE     LINE SOURCE TEXT
  VALUE

0063   2862           00144         goto            dongu3
                      00145 
0064   0BA1           00146         Decfsz          Sayac1,f
0065   285F           00147         goto            dongu2
0066   0BA3           00148         Decfsz          Sayac3,f
0067   285C           00149         goto            dongu1
0068   0008           00150         return          
                      00151 
Warning[205]: Found directive in column 1. (End)
                      00152 End
MPASM  5.51                          YENI.ASM   11-5-2019  10:35:09         PAGE  5


SYMBOL TABLE
  LABEL                             VALUE 

ACKDT                             00000005
ACKEN                             00000004
ACKSTAT                           00000006
ADCON0                            0000001F
ADCON1                            0000009F
ADCS0                             00000006
ADCS1                             00000007
ADDEN                             00000003
ADFM                              00000007
ADIE                              00000006
ADIF                              00000006
ADON                              00000000
ADRESH                            0000001E
ADRESL                            0000009E
Aportundaki_deger                 00000026
BCLIE                             00000003
BCLIF                             00000003
BF                                00000000
BRGH                              00000002
Bportundaki_deger                 00000027
C                                 00000000
CCP1CON                           00000017
CCP1IE                            00000002
CCP1IF                            00000002
CCP1M0                            00000000
CCP1M1                            00000001
CCP1M2                            00000002
CCP1M3                            00000003
CCP1X                             00000005
CCP1Y                             00000004
CCP2CON                           0000001D
CCP2IE                            00000000
CCP2IF                            00000000
CCP2M0                            00000000
CCP2M1                            00000001
CCP2M2                            00000002
CCP2M3                            00000003
CCP2X                             00000005
CCP2Y                             00000004
CCPR1                             00000015
CCPR1H                            00000016
CCPR1L                            00000015
CCPR2                             0000001B
CCPR2H                            0000001C
CCPR2L                            0000001B
CHS0                              00000003
CHS1                              00000004
CHS2                              00000005
CKE                               00000006
CKP                               00000004
CREN                              00000004
CSRC                              00000007
D                                 00000005
MPASM  5.51                          YENI.ASM   11-5-2019  10:35:09         PAGE  6


SYMBOL TABLE
  LABEL                             VALUE 

DATA_ADDRESS                      00000005
DC                                00000001
D_A                               00000005
D_NOT_A                           00000005
EEADR                             0000010D
EEADRH                            0000010F
EECON1                            0000018C
EECON2                            0000018D
EEDATA                            0000010C
EEDATH                            0000010E
EEIE                              00000004
EEIF                              00000004
EEPGD                             00000007
F                                 00000001
FERR                              00000002
FSR                               00000004
GCEN                              00000007
GIE                               00000007
GO                                00000002
GO_DONE                           00000002
GO_NOT_DONE                       00000002
I2C_DATA                          00000005
I2C_READ                          00000002
I2C_START                         00000003
I2C_STOP                          00000004
IBF                               00000007
IBOV                              00000005
INDF                              00000000
INTCON                            0000000B
INTE                              00000004
INTEDG                            00000006
INTF                              00000001
IRP                               00000007
NOT_A                             00000005
NOT_ADDRESS                       00000005
NOT_BO                            00000000
NOT_BOR                           00000000
NOT_DONE                          00000002
NOT_PD                            00000003
NOT_POR                           00000001
NOT_RBPU                          00000007
NOT_RC8                           00000006
NOT_T1SYNC                        00000002
NOT_TO                            00000004
NOT_TX8                           00000006
NOT_W                             00000002
NOT_WRITE                         00000002
OBF                               00000006
OERR                              00000001
OPTION_REG                        00000081
P                                 00000004
PCFG0                             00000000
PCFG1                             00000001
MPASM  5.51                          YENI.ASM   11-5-2019  10:35:09         PAGE  7


SYMBOL TABLE
  LABEL                             VALUE 

PCFG2                             00000002
PCFG3                             00000003
PCL                               00000002
PCLATH                            0000000A
PCON                              0000008E
PEIE                              00000006
PEN                               00000002
PIE1                              0000008C
PIE2                              0000008D
PIR1                              0000000C
PIR2                              0000000D
PORTA                             00000005
PORTB                             00000006
PORTC                             00000007
PORTD                             00000008
PORTE                             00000009
PR2                               00000092
PS0                               00000000
PS1                               00000001
PS2                               00000002
PSA                               00000003
PSPIE                             00000007
PSPIF                             00000007
PSPMODE                           00000004
R                                 00000002
RA0                               00000000
RA1                               00000001
RA2                               00000002
RA3                               00000003
RA4                               00000004
RA5                               00000005
RB0                               00000000
RB1                               00000001
RB2                               00000002
RB3                               00000003
RB4                               00000004
RB5                               00000005
RB6                               00000006
RB7                               00000007
RBIE                              00000003
RBIF                              00000000
RC0                               00000000
RC1                               00000001
RC2                               00000002
RC3                               00000003
RC4                               00000004
RC5                               00000005
RC6                               00000006
RC7                               00000007
RC8_9                             00000006
RC9                               00000006
RCD8                              00000000
RCEN                              00000003
MPASM  5.51                          YENI.ASM   11-5-2019  10:35:09         PAGE  8


SYMBOL TABLE
  LABEL                             VALUE 

RCIE                              00000005
RCIF                              00000005
RCREG                             0000001A
RCSTA                             00000018
RD                                00000000
RD0                               00000000
RD1                               00000001
RD2                               00000002
RD3                               00000003
RD4                               00000004
RD5                               00000005
RD6                               00000006
RD7                               00000007
RE0                               00000000
RE1                               00000001
RE2                               00000002
READ_WRITE                        00000002
RP0                               00000005
RP1                               00000006
RSEN                              00000001
RX9                               00000006
RX9D                              00000000
R_NOT_W                           00000002
R_W                               00000002
S                                 00000003
SEN                               00000000
SMP                               00000007
SPBRG                             00000099
SPEN                              00000007
SREN                              00000005
SSPADD                            00000093
SSPBUF                            00000013
SSPCON                            00000014
SSPCON2                           00000091
SSPEN                             00000005
SSPIE                             00000003
SSPIF                             00000003
SSPM0                             00000000
SSPM1                             00000001
SSPM2                             00000002
SSPM3                             00000003
SSPOV                             00000006
SSPSTAT                           00000094
STATUS                            00000003
SYNC                              00000004
Sayac1                            00000021
Sayac2                            00000022
Sayac3                            00000023
Setup                             00000001
T0CS                              00000005
T0IE                              00000005
T0IF                              00000002
T0SE                              00000004
MPASM  5.51                          YENI.ASM   11-5-2019  10:35:09         PAGE  9


SYMBOL TABLE
  LABEL                             VALUE 

T1CKPS0                           00000004
T1CKPS1                           00000005
T1CON                             00000010
T1INSYNC                          00000002
T1OSCEN                           00000003
T1SYNC                            00000002
T2CKPS0                           00000000
T2CKPS1                           00000001
T2CON                             00000012
TMR0                              00000001
TMR0IE                            00000005
TMR0IF                            00000002
TMR1                              0000000E
TMR1CS                            00000001
TMR1H                             0000000F
TMR1IE                            00000000
TMR1IF                            00000000
TMR1L                             0000000E
TMR1ON                            00000000
TMR2                              00000011
TMR2IE                            00000001
TMR2IF                            00000001
TMR2ON                            00000002
TOUTPS0                           00000003
TOUTPS1                           00000004
TOUTPS2                           00000005
TOUTPS3                           00000006
TRISA                             00000085
TRISA0                            00000000
TRISA1                            00000001
TRISA2                            00000002
TRISA3                            00000003
TRISA4                            00000004
TRISA5                            00000005
TRISB                             00000086
TRISB0                            00000000
TRISB1                            00000001
TRISB2                            00000002
TRISB3                            00000003
TRISB4                            00000004
TRISB5                            00000005
TRISB6                            00000006
TRISB7                            00000007
TRISC                             00000087
TRISC0                            00000000
TRISC1                            00000001
TRISC2                            00000002
TRISC3                            00000003
TRISC4                            00000004
TRISC5                            00000005
TRISC6                            00000006
TRISC7                            00000007
TRISD                             00000088
MPASM  5.51                          YENI.ASM   11-5-2019  10:35:09         PAGE 10


SYMBOL TABLE
  LABEL                             VALUE 

TRISD0                            00000000
TRISD1                            00000001
TRISD2                            00000002
TRISD3                            00000003
TRISD4                            00000004
TRISD5                            00000005
TRISD6                            00000006
TRISD7                            00000007
TRISE                             00000089
TRISE0                            00000000
TRISE1                            00000001
TRISE2                            00000002
TRMT                              00000001
TX8_9                             00000006
TX9                               00000006
TX9D                              00000000
TXD8                              00000000
TXEN                              00000005
TXIE                              00000004
TXIF                              00000004
TXREG                             00000019
TXSTA                             00000098
UA                                00000001
W                                 00000000
WCOL                              00000007
WR                                00000001
WREN                              00000002
WRERR                             00000003
Z                                 00000002
_BODEN_OFF                        00003FBF
_BODEN_ON                         00003FFF
_BOREN_OFF                        00003FBF
_BOREN_ON                         00003FFF
_CONFIG                           00002007
_CPD_OFF                          00003FFF
_CPD_ON                           00003EFF
_CP_ALL                           00000FCF
_CP_HALF                          00001FDF
_CP_OFF                           00003FFF
_CP_UPPER_256                     00002FEF
_DEBUG_OFF                        00003FFF
_DEBUG_ON                         000037FF
_DEVID1                           00002006
_FOSC_EXTRC                       00003FFF
_FOSC_HS                          00003FFE
_FOSC_LP                          00003FFC
_FOSC_XT                          00003FFD
_HS_OSC                           00003FFE
_IDLOC0                           00002000
_IDLOC1                           00002001
_IDLOC2                           00002002
_IDLOC3                           00002003
_LP_OSC                           00003FFC
MPASM  5.51                          YENI.ASM   11-5-2019  10:35:09         PAGE 11


SYMBOL TABLE
  LABEL                             VALUE 

_LVP_OFF                          00003F7F
_LVP_ON                           00003FFF
_PWRTE_OFF                        00003FFF
_PWRTE_ON                         00003FF7
_RC_OSC                           00003FFF
_WDTE_OFF                         00003FFB
_WDTE_ON                          00003FFF
_WDT_OFF                          00003FFB
_WDT_ON                           00003FFF
_WRT_ENABLE_OFF                   00003DFF
_WRT_ENABLE_ON                    00003FFF
_WRT_OFF                          00003DFF
_WRT_ON                           00003FFF
_XT_OSC                           00003FFD
__16F877                          00000001
__DEBUG                           1
a_portu_kontrol                   0000003E
a_portu_sifirla                   00000047
a_portunu_fulle                   0000004A
b_portu_hepsi_yaniyor_mu          00000052
b_portunu_fulle                   0000004E
dongu1                            0000005C
dongu2                            0000005F
dongu3                            00000062
gecikme                           00000059
ileri_say_dort_bit                00000031
ileri_say_sekiz_bit               0000001D
kontrol_bir                       00000017
kontrol_iki                       0000001A
sekiz_bit_geri_saydir             00000026


MEMORY USAGE MAP ('X' = Used,  '-' = Unused)

0000 : XXXXXXXXXXXXXXXX XXXXXXXXXXXXXXXX XXXXXXXXXXXXXXXX XXXXXXXXXXXXXXXX
0040 : XXXXXXXXXXXXXXXX XXXXXXXXXXXXXXXX XXXXXXXXX------- ----------------
2000 : -------X-------- ---------------- ---------------- ----------------

All other memory blocks unused.

Program Memory Words Used:   105
Program Memory Words Free:  8087


Errors   :     0
Warnings :     2 reported,     0 suppressed
Messages :     3 reported,     0 suppressed

