MPASM  5.51                      UNTITLED.ASM   1-5-2020  14:54:16         PAGE  1


LOC  OBJECT CODE     LINE SOURCE TEXT
  VALUE

                      00001 #include <p16f877.inc>
                      00001         LIST
                      00002 
                      00003 ;==========================================================================
                      00004 ;  MPASM PIC16F877 processor include
                      00005 ; 
                      00006 ;  (c) Copyright 1999-2013 Microchip Technology, All rights reserved
                      00007 ;==========================================================================
                      00008 
                      00540         LIST
                      00002 
  00000020            00003 temp    EQU     0X20
  00000021            00004 GECIKME2        EQU     0X21
  00000022            00005 GECIKME1        EQU     0X22
  00000023            00006 temp2   EQU     0X23
0000                  00007                 ORG     0X00
0000   2801           00008                 goto    Setup
                      00009 
0001                  00010 Setup
0001   1683 1303      00011         BANKSEL TRISB
Message[302]: Register in operand not in bank 0.  Ensure that bank bits are correct.
0003   0186           00012         CLRF            TRISB
0004   1283 1303      00013         BANKSEL PORTB
0006   0186           00014         CLRF            PORTB
                      00015 
                      00016 
0007   1206           00017         BCF             PORTB,4         ;RS UCUNU 0 YAPARAK LCD YE KOMUT GONDERECEGINI SOYLE
                      00018         
0008   3001           00019         MOVLW           0x01                            ;ekrani temizleme
0009   2033           00020         call                    KOMUT_8BIT
                      00021 
000A   3002           00022         Movlw           0x02                            ;display ayarini aktif etme
000B   2033           00023         call                    KOMUT_8BIT
                      00024 
000C   3003           00025         Movlw           0x03                            ;imleci basa alma
000D   2033           00026         call                    KOMUT_8BIT
                      00027 
000E   3006           00028         MOVLW           0x06                            ;karakter modunu acma
000F   2033           00029         call                    KOMUT_8BIT
                      00030 
0010   300D           00031         MOVLW           0x0D                            ;Displayy on/off
0011   2033           00032         call                    KOMUT_8BIT              
                      00033 
0012   3028           00034         Movlw           0x28                            ;2 satýr,4 bit iletisim
0013   2033           00035         call                    KOMUT_8BIT
                      00036 
0014   3080           00037         Movlw           0x80                            ;2.satýra gec
0015   2033           00038         call                    KOMUT_8BIT
                      00039 
0016   3053           00040         Movlw           'S'
0017   2042           00041         call                    Karakter_gonder         
                      00042 
0018   3055           00043         Movlw           'U'
MPASM  5.51                      UNTITLED.ASM   1-5-2020  14:54:16         PAGE  2


LOC  OBJECT CODE     LINE SOURCE TEXT
  VALUE

0019   2042           00044         call                    Karakter_gonder         
                      00045 
001A   304C           00046         Movlw           'L'
001B   2042           00047         call                    Karakter_gonder 
                      00048 
001C   3045           00049         Movlw           'E'
001D   2042           00050         call                    Karakter_gonder         
                      00051 
001E   3059           00052         Movlw           'Y'
001F   2042           00053         call                    Karakter_gonder         
                      00054 
0020   304D           00055         Movlw           'M'
0021   2042           00056         call                    Karakter_gonder 
                      00057 
0022   3041           00058         Movlw           'A'
0023   2042           00059         call                    Karakter_gonder         
                      00060 
0024   304E           00061         Movlw           'N'
0025   2042           00062         call                    Karakter_gonder         
                      00063 
0026   30C0           00064         Movlw           0xC0
0027   2033           00065         call                    KOMUT_8BIT
                      00066 
0028   3053           00067         Movlw           'S'
0029   2042           00068         call                    Karakter_gonder         
                      00069 
002A   3045           00070         Movlw           'E'
002B   2042           00071         call                    Karakter_gonder         
                      00072 
002C   305A           00073         Movlw           'Z'
002D   2042           00074         call                    Karakter_gonder 
                      00075 
002E   3045           00076         Movlw           'E'
002F   2042           00077         call                    Karakter_gonder         
                      00078 
0030   3052           00079         Movlw           'R'
0031   2042           00080         call                    Karakter_gonder         
                      00081 
0032                  00082 Dongu
                      00083 
0032   2832           00084         goto            Dongu
                      00085 
0033                  00086 KOMUT_8BIT
0033   1206           00087         Bcf                     PORTB,4
0034   00A0           00088         Movwf           temp
0035   0E20           00089         Swapf           temp,w
0036   203A           00090         call                    komut_4_bit
0037   0820           00091         Movfw           temp
0038   203A           00092         call                    komut_4_bit
0039   0008           00093         return
                      00094 
003A                  00095 komut_4_bit
003A   390F           00096         Andlw           0x0f
MPASM  5.51                      UNTITLED.ASM   1-5-2020  14:54:16         PAGE  3


LOC  OBJECT CODE     LINE SOURCE TEXT
  VALUE

003B   00A3           00097         Movwf           temp2
003C   0806           00098         Movfw           PORTB
003D   39F0           00099         Andlw           0xf0
003E   0423           00100         iorwf           temp2,w
003F   0086           00101         Movwf           PORTB   
0040   204B           00102         call                    DUSEN_KENAR
0041   0008           00103         return
                      00104 
0042                  00105 Karakter_gonder
0042   00A0           00106         Movwf           temp
0043   0E20           00107         Swapf           temp,w
0044   1283 1303      00108         Banksel         PORTB
0046   1606           00109         Bsf                     PORTB,4
0047   203A           00110         call                    komut_4_bit
0048   0820           00111         Movfw           temp
0049   203A           00112         call                    komut_4_bit
004A   0008           00113         return
                      00114 
004B                  00115 DUSEN_KENAR:
004B   1686           00116         bsf             PORTB,5                 
004C   204F           00117         call    GECIKME_200USN
004D   1286           00118         bcf             PORTB,5                 
004E   0008           00119         return
                      00120 
004F                  00121 GECIKME_200USN                          
004F   30C8           00122         movlw   0xC8
0050   00A2           00123         movwf   GECIKME1
0051                  00124 DNGU1
0051   0BA2           00125         decfsz  GECIKME1,1
0052   2851           00126         goto    DNGU1
0053   0008           00127         return
                      00128 
Warning[205]: Found directive in column 1. (END)
                      00129 END
MPASM  5.51                      UNTITLED.ASM   1-5-2020  14:54:16         PAGE  4


SYMBOL TABLE
  LABEL                             VALUE 

ACKDT                             00000005
ACKEN                             00000004
ACKSTAT                           00000006
ADCON0                            0000001F
ADCON1                            0000009F
ADCS0                             00000006
ADCS1                             00000007
ADDEN                             00000003
ADFM                              00000007
ADIE                              00000006
ADIF                              00000006
ADON                              00000000
ADRESH                            0000001E
ADRESL                            0000009E
BCLIE                             00000003
BCLIF                             00000003
BF                                00000000
BRGH                              00000002
C                                 00000000
CCP1CON                           00000017
CCP1IE                            00000002
CCP1IF                            00000002
CCP1M0                            00000000
CCP1M1                            00000001
CCP1M2                            00000002
CCP1M3                            00000003
CCP1X                             00000005
CCP1Y                             00000004
CCP2CON                           0000001D
CCP2IE                            00000000
CCP2IF                            00000000
CCP2M0                            00000000
CCP2M1                            00000001
CCP2M2                            00000002
CCP2M3                            00000003
CCP2X                             00000005
CCP2Y                             00000004
CCPR1                             00000015
CCPR1H                            00000016
CCPR1L                            00000015
CCPR2                             0000001B
CCPR2H                            0000001C
CCPR2L                            0000001B
CHS0                              00000003
CHS1                              00000004
CHS2                              00000005
CKE                               00000006
CKP                               00000004
CREN                              00000004
CSRC                              00000007
D                                 00000005
DATA_ADDRESS                      00000005
DC                                00000001
MPASM  5.51                      UNTITLED.ASM   1-5-2020  14:54:16         PAGE  5


SYMBOL TABLE
  LABEL                             VALUE 

DNGU1                             00000051
DUSEN_KENAR                       0000004B
D_A                               00000005
D_NOT_A                           00000005
Dongu                             00000032
EEADR                             0000010D
EEADRH                            0000010F
EECON1                            0000018C
EECON2                            0000018D
EEDATA                            0000010C
EEDATH                            0000010E
EEIE                              00000004
EEIF                              00000004
EEPGD                             00000007
F                                 00000001
FERR                              00000002
FSR                               00000004
GCEN                              00000007
GECIKME1                          00000022
GECIKME2                          00000021
GECIKME_200USN                    0000004F
GIE                               00000007
GO                                00000002
GO_DONE                           00000002
GO_NOT_DONE                       00000002
I2C_DATA                          00000005
I2C_READ                          00000002
I2C_START                         00000003
I2C_STOP                          00000004
IBF                               00000007
IBOV                              00000005
INDF                              00000000
INTCON                            0000000B
INTE                              00000004
INTEDG                            00000006
INTF                              00000001
IRP                               00000007
KOMUT_8BIT                        00000033
Karakter_gonder                   00000042
NOT_A                             00000005
NOT_ADDRESS                       00000005
NOT_BO                            00000000
NOT_BOR                           00000000
NOT_DONE                          00000002
NOT_PD                            00000003
NOT_POR                           00000001
NOT_RBPU                          00000007
NOT_RC8                           00000006
NOT_T1SYNC                        00000002
NOT_TO                            00000004
NOT_TX8                           00000006
NOT_W                             00000002
NOT_WRITE                         00000002
MPASM  5.51                      UNTITLED.ASM   1-5-2020  14:54:16         PAGE  6


SYMBOL TABLE
  LABEL                             VALUE 

OBF                               00000006
OERR                              00000001
OPTION_REG                        00000081
P                                 00000004
PCFG0                             00000000
PCFG1                             00000001
PCFG2                             00000002
PCFG3                             00000003
PCL                               00000002
PCLATH                            0000000A
PCON                              0000008E
PEIE                              00000006
PEN                               00000002
PIE1                              0000008C
PIE2                              0000008D
PIR1                              0000000C
PIR2                              0000000D
PORTA                             00000005
PORTB                             00000006
PORTC                             00000007
PORTD                             00000008
PORTE                             00000009
PR2                               00000092
PS0                               00000000
PS1                               00000001
PS2                               00000002
PSA                               00000003
PSPIE                             00000007
PSPIF                             00000007
PSPMODE                           00000004
R                                 00000002
RA0                               00000000
RA1                               00000001
RA2                               00000002
RA3                               00000003
RA4                               00000004
RA5                               00000005
RB0                               00000000
RB1                               00000001
RB2                               00000002
RB3                               00000003
RB4                               00000004
RB5                               00000005
RB6                               00000006
RB7                               00000007
RBIE                              00000003
RBIF                              00000000
RC0                               00000000
RC1                               00000001
RC2                               00000002
RC3                               00000003
RC4                               00000004
RC5                               00000005
MPASM  5.51                      UNTITLED.ASM   1-5-2020  14:54:16         PAGE  7


SYMBOL TABLE
  LABEL                             VALUE 

RC6                               00000006
RC7                               00000007
RC8_9                             00000006
RC9                               00000006
RCD8                              00000000
RCEN                              00000003
RCIE                              00000005
RCIF                              00000005
RCREG                             0000001A
RCSTA                             00000018
RD                                00000000
RD0                               00000000
RD1                               00000001
RD2                               00000002
RD3                               00000003
RD4                               00000004
RD5                               00000005
RD6                               00000006
RD7                               00000007
RE0                               00000000
RE1                               00000001
RE2                               00000002
READ_WRITE                        00000002
RP0                               00000005
RP1                               00000006
RSEN                              00000001
RX9                               00000006
RX9D                              00000000
R_NOT_W                           00000002
R_W                               00000002
S                                 00000003
SEN                               00000000
SMP                               00000007
SPBRG                             00000099
SPEN                              00000007
SREN                              00000005
SSPADD                            00000093
SSPBUF                            00000013
SSPCON                            00000014
SSPCON2                           00000091
SSPEN                             00000005
SSPIE                             00000003
SSPIF                             00000003
SSPM0                             00000000
SSPM1                             00000001
SSPM2                             00000002
SSPM3                             00000003
SSPOV                             00000006
SSPSTAT                           00000094
STATUS                            00000003
SYNC                              00000004
Setup                             00000001
T0CS                              00000005
MPASM  5.51                      UNTITLED.ASM   1-5-2020  14:54:16         PAGE  8


SYMBOL TABLE
  LABEL                             VALUE 

T0IE                              00000005
T0IF                              00000002
T0SE                              00000004
T1CKPS0                           00000004
T1CKPS1                           00000005
T1CON                             00000010
T1INSYNC                          00000002
T1OSCEN                           00000003
T1SYNC                            00000002
T2CKPS0                           00000000
T2CKPS1                           00000001
T2CON                             00000012
TMR0                              00000001
TMR0IE                            00000005
TMR0IF                            00000002
TMR1                              0000000E
TMR1CS                            00000001
TMR1H                             0000000F
TMR1IE                            00000000
TMR1IF                            00000000
TMR1L                             0000000E
TMR1ON                            00000000
TMR2                              00000011
TMR2IE                            00000001
TMR2IF                            00000001
TMR2ON                            00000002
TOUTPS0                           00000003
TOUTPS1                           00000004
TOUTPS2                           00000005
TOUTPS3                           00000006
TRISA                             00000085
TRISA0                            00000000
TRISA1                            00000001
TRISA2                            00000002
TRISA3                            00000003
TRISA4                            00000004
TRISA5                            00000005
TRISB                             00000086
TRISB0                            00000000
TRISB1                            00000001
TRISB2                            00000002
TRISB3                            00000003
TRISB4                            00000004
TRISB5                            00000005
TRISB6                            00000006
TRISB7                            00000007
TRISC                             00000087
TRISC0                            00000000
TRISC1                            00000001
TRISC2                            00000002
TRISC3                            00000003
TRISC4                            00000004
TRISC5                            00000005
MPASM  5.51                      UNTITLED.ASM   1-5-2020  14:54:16         PAGE  9


SYMBOL TABLE
  LABEL                             VALUE 

TRISC6                            00000006
TRISC7                            00000007
TRISD                             00000088
TRISD0                            00000000
TRISD1                            00000001
TRISD2                            00000002
TRISD3                            00000003
TRISD4                            00000004
TRISD5                            00000005
TRISD6                            00000006
TRISD7                            00000007
TRISE                             00000089
TRISE0                            00000000
TRISE1                            00000001
TRISE2                            00000002
TRMT                              00000001
TX8_9                             00000006
TX9                               00000006
TX9D                              00000000
TXD8                              00000000
TXEN                              00000005
TXIE                              00000004
TXIF                              00000004
TXREG                             00000019
TXSTA                             00000098
UA                                00000001
W                                 00000000
WCOL                              00000007
WR                                00000001
WREN                              00000002
WRERR                             00000003
Z                                 00000002
_BODEN_OFF                        00003FBF
_BODEN_ON                         00003FFF
_BOREN_OFF                        00003FBF
_BOREN_ON                         00003FFF
_CONFIG                           00002007
_CPD_OFF                          00003FFF
_CPD_ON                           00003EFF
_CP_ALL                           00000FCF
_CP_HALF                          00001FDF
_CP_OFF                           00003FFF
_CP_UPPER_256                     00002FEF
_DEBUG_OFF                        00003FFF
_DEBUG_ON                         000037FF
_DEVID1                           00002006
_FOSC_EXTRC                       00003FFF
_FOSC_HS                          00003FFE
_FOSC_LP                          00003FFC
_FOSC_XT                          00003FFD
_HS_OSC                           00003FFE
_IDLOC0                           00002000
_IDLOC1                           00002001
MPASM  5.51                      UNTITLED.ASM   1-5-2020  14:54:16         PAGE 10


SYMBOL TABLE
  LABEL                             VALUE 

_IDLOC2                           00002002
_IDLOC3                           00002003
_LP_OSC                           00003FFC
_LVP_OFF                          00003F7F
_LVP_ON                           00003FFF
_PWRTE_OFF                        00003FFF
_PWRTE_ON                         00003FF7
_RC_OSC                           00003FFF
_WDTE_OFF                         00003FFB
_WDTE_ON                          00003FFF
_WDT_OFF                          00003FFB
_WDT_ON                           00003FFF
_WRT_ENABLE_OFF                   00003DFF
_WRT_ENABLE_ON                    00003FFF
_WRT_OFF                          00003DFF
_WRT_ON                           00003FFF
_XT_OSC                           00003FFD
__16F877                          00000001
__DEBUG                           1
komut_4_bit                       0000003A
temp                              00000020
temp2                             00000023


MEMORY USAGE MAP ('X' = Used,  '-' = Unused)

0000 : XXXXXXXXXXXXXXXX XXXXXXXXXXXXXXXX XXXXXXXXXXXXXXXX XXXXXXXXXXXXXXXX
0040 : XXXXXXXXXXXXXXXX XXXX------------ ---------------- ----------------

All other memory blocks unused.

Program Memory Words Used:    84
Program Memory Words Free:  8108


Errors   :     0
Warnings :     1 reported,     0 suppressed
Messages :     1 reported,     0 suppressed

