MPASM  5.51                      UNTITLED.ASM   1-1-2020  20:26:39         PAGE  1


LOC  OBJECT CODE     LINE SOURCE TEXT
  VALUE

                      00001 #include <p16f877.inc>
                      00001         LIST
                      00002 
                      00003 ;==========================================================================
                      00004 ;  MPASM PIC16F877 processor include
                      00005 ; 
                      00006 ;  (c) Copyright 1999-2013 Microchip Technology, All rights reserved
                      00007 ;==========================================================================
                      00008 
                      00540         LIST
                      00002 
  00000020            00003 sayac1                          EQU     0X20
  00000021            00004 sayac2                          EQU     0X21
  00000022            00005 yirmi_sayac                     EQU     0X22
  00000023            00006 segmentsayicisag        EQU     0X23
  00000024            00007 segmentsag                      EQU     0X24
  00000025            00008 segmentsol                      EQU     0X25
  00000026            00009 segmentsayicisol                EQU     0X26
  00000027            00010 gecikme1                        EQU     0X27
  00000028            00011 gecikme2                        EQU     0X28
  00000029            00012 yanmabiti                       EQU     0X29
                      00013 
Warning[205]: Found directive in column 1. (ORG)
0000                  00014 ORG     0X00    
Warning[203]: Found opcode in column 1. (goto)
0000   2805           00015 goto    Setup
                      00016 
Warning[205]: Found directive in column 1. (ORG)
0004                  00017 ORG     0X04
Warning[203]: Found opcode in column 1. (goto)
0004   2840           00018 goto    Kesme
                      00019 
0005                  00020 Setup
                      00021 
Warning[205]: Found directive in column 1. (BANKSEL)
0005   1683 1303      00022 BANKSEL OPTION_REG
Warning[203]: Found opcode in column 1. (Bcf)
Message[302]: Register in operand not in bank 0.  Ensure that bank bits are correct.
0007   1281           00023 Bcf                     OPTION_REG,T0CS
Warning[203]: Found opcode in column 1. (Bcf)
Message[302]: Register in operand not in bank 0.  Ensure that bank bits are correct.
0008   1181           00024 Bcf                     OPTION_REG,PSA
Warning[203]: Found opcode in column 1. (Bsf)
Message[302]: Register in operand not in bank 0.  Ensure that bank bits are correct.
0009   1501           00025 Bsf                     OPTION_REG,PS2
Warning[203]: Found opcode in column 1. (Bcf)
Message[302]: Register in operand not in bank 0.  Ensure that bank bits are correct.
000A   1081           00026 Bcf                     OPTION_REG,PS1
Warning[203]: Found opcode in column 1. (Bcf)
Message[302]: Register in operand not in bank 0.  Ensure that bank bits are correct.
000B   1001           00027 Bcf                     OPTION_REG,PS0
                      00028 
Warning[205]: Found directive in column 1. (BANKSEL)
MPASM  5.51                      UNTITLED.ASM   1-1-2020  20:26:39         PAGE  2


LOC  OBJECT CODE     LINE SOURCE TEXT
  VALUE

000C   1283 1303      00029 BANKSEL INTCON
Warning[203]: Found opcode in column 1. (Bsf)
000E   170B           00030 Bsf                     INTCON,PEIE
Warning[203]: Found opcode in column 1. (Bsf)
000F   178B           00031 Bsf                     INTCON,GIE
Warning[203]: Found opcode in column 1. (Bsf)
0010   168B           00032 Bsf                     INTCON,T0IE
Warning[203]: Found opcode in column 1. (Bcf)
0011   110B           00033 Bcf                     INTCON,T0IF
                      00034 
Warning[205]: Found directive in column 1. (BANKSEL)
0012   1283 1303      00035 BANKSEL TMR0
Warning[203]: Found opcode in column 1. (Movlw)
0014   303D           00036 Movlw           D'61'
Warning[203]: Found opcode in column 1. (Movwf)
0015   0081           00037 Movwf           TMR0
                      00038 
Warning[205]: Found directive in column 1. (BANKSEL)
0016   1683 1303      00039 BANKSEL TRISB
Warning[203]: Found opcode in column 1. (CLRF)
Message[302]: Register in operand not in bank 0.  Ensure that bank bits are correct.
0018   0186           00040 CLRF            TRISB
Warning[205]: Found directive in column 1. (BANKSEL)
0019   1283 1303      00041 BANKSEL PORTB
Warning[203]: Found opcode in column 1. (CLRF)
001B   0186           00042 CLRF            PORTB
Warning[205]: Found directive in column 1. (BANKSEL)
001C   1683 1303      00043 BANKSEL ADCON1
Warning[203]: Found opcode in column 1. (Movlw)
001E   3006           00044 Movlw           0x06
Warning[203]: Found opcode in column 1. (Movwf)
Message[302]: Register in operand not in bank 0.  Ensure that bank bits are correct.
001F   009F           00045 Movwf           ADCON1
Warning[205]: Found directive in column 1. (BANKSEL)
0020   1683 1303      00046 BANKSEL TRISA
Warning[203]: Found opcode in column 1. (CLRF)
Message[302]: Register in operand not in bank 0.  Ensure that bank bits are correct.
0022   0185           00047 CLRF            TRISA
Warning[205]: Found directive in column 1. (BANKSEL)
0023   1283 1303      00048 BANKSEL PORTA
Warning[203]: Found opcode in column 1. (MOVLW)
0025   3001           00049 MOVLW           0X01
Warning[203]: Found opcode in column 1. (MOVWF)
0026   0085           00050 MOVWF           PORTA
                      00051 
Warning[203]: Found opcode in column 1. (CLRF)
0027   01A0           00052 CLRF            sayac1  
Warning[203]: Found opcode in column 1. (CLRF)
0028   01A1           00053 CLRF            sayac2          
Warning[203]: Found opcode in column 1. (CLRF)
0029   01A2           00054 CLRF            yirmi_sayac     
Warning[203]: Found opcode in column 1. (CLRF)
002A   01A3           00055 CLRF            segmentsayicisag
MPASM  5.51                      UNTITLED.ASM   1-1-2020  20:26:39         PAGE  3


LOC  OBJECT CODE     LINE SOURCE TEXT
  VALUE

Warning[203]: Found opcode in column 1. (CLRF)
002B   01A4           00056 CLRF            segmentsag      
Warning[203]: Found opcode in column 1. (CLRF)
002C   01A5           00057 CLRF            segmentsol      
Warning[203]: Found opcode in column 1. (CLRF)
002D   01A6           00058 CLRF            segmentsayicisol        
Warning[203]: Found opcode in column 1. (CLRF)
002E   01A7           00059 CLRF            gecikme1
Warning[203]: Found opcode in column 1. (CLRF)
002F   01A8           00060 CLRF            gecikme2
Warning[203]: Found opcode in column 1. (Movlw)
0030   3001           00061 Movlw           0x01
Warning[203]: Found opcode in column 1. (Movwf)
0031   00A9           00062 Movwf           yanmabiti
Warning[203]: Found opcode in column 1. (goto)
0032   2833           00063 goto            SolSegment
                      00064 
                      00065 
0033                  00066 SolSegment
Warning[203]: Found opcode in column 1. (RLF)
0033   0DA9           00067 RLF                     yanmabiti,f
Warning[204]: Found pseudo-op in column 1. (Movfw)
0034   0829           00068 Movfw           yanmabiti
Warning[203]: Found opcode in column 1. (Movwf)
0035   0085           00069 Movwf           PORTA
Warning[204]: Found pseudo-op in column 1. (Movfw)
0036   0825           00070 Movfw           segmentsol
Warning[203]: Found opcode in column 1. (Movwf)
0037   0086           00071 Movwf           PORTB
Warning[203]: Found opcode in column 1. (call)
0038   2074           00072 call                    gecikme10ms
                      00073 
0039                  00074 SagSegment
Warning[203]: Found opcode in column 1. (RRF)
0039   0CA9           00075 RRF             yanmabiti,f
Warning[204]: Found pseudo-op in column 1. (Movfw)
003A   0829           00076 Movfw           yanmabiti
Warning[203]: Found opcode in column 1. (Movwf)
003B   0085           00077 Movwf           PORTA
Warning[204]: Found pseudo-op in column 1. (Movfw)
003C   0824           00078 Movfw           segmentsag
Warning[203]: Found opcode in column 1. (Movwf)
003D   0086           00079 Movwf           PORTB
Warning[203]: Found opcode in column 1. (call)
003E   2074           00080 call                    gecikme10ms
Warning[203]: Found opcode in column 1. (goto)
003F   2833           00081 goto            SolSegment
                      00082 
                      00083 
0040                  00084 Kesme
Warning[205]: Found directive in column 1. (BANKSEL)
0040   1283 1303      00085 BANKSEL INTCON
Warning[203]: Found opcode in column 1. (Bcf)
MPASM  5.51                      UNTITLED.ASM   1-1-2020  20:26:39         PAGE  4


LOC  OBJECT CODE     LINE SOURCE TEXT
  VALUE

0042   130B           00086 Bcf                     INTCON,PEIE
Warning[203]: Found opcode in column 1. (Bcf)
0043   138B           00087 Bcf                     INTCON,GIE
                      00088 
Warning[203]: Found opcode in column 1. (call)
0044   204D           00089 call                    yirmi_kontrol
                      00090 
Warning[203]: Found opcode in column 1. (Bcf)
0045   110B           00091 Bcf                     INTCON,T0IF
Warning[203]: Found opcode in column 1. (Bsf)
0046   170B           00092 Bsf                     INTCON,PEIE
Warning[203]: Found opcode in column 1. (Bsf)
0047   178B           00093 Bsf                     INTCON,GIE              
Warning[205]: Found directive in column 1. (BANKSEL)
0048   1283 1303      00094 BANKSEL TMR0
Warning[203]: Found opcode in column 1. (Movlw)
004A   303D           00095 Movlw           D'61'
Warning[203]: Found opcode in column 1. (Movwf)
004B   0081           00096 Movwf           TMR0
Warning[203]: Found opcode in column 1. (retfie)
004C   0009           00097 retfie
                      00098 
                      00099 
004D                  00100 yirmi_kontrol
Warning[203]: Found opcode in column 1. (Incf)
004D   0AA2           00101 Incf                    yirmi_sayac,f
Warning[203]: Found opcode in column 1. (Movlw)
004E   3014           00102 Movlw           D'20'
Warning[203]: Found opcode in column 1. (Subwf)
004F   0222           00103 Subwf           yirmi_sayac,w
Warning[203]: Found opcode in column 1. (Btfsc)
0050   1903           00104 Btfsc           STATUS,Z
Warning[203]: Found opcode in column 1. (call)
0051   2053           00105 call                    arttirsag
Warning[203]: Found opcode in column 1. (return)
0052   0008           00106 return
                      00107 
                      00108 
0053                  00109 arttirsag
Warning[203]: Found opcode in column 1. (CLRF)
0053   01A2           00110 CLRF            yirmi_sayac
Warning[203]: Found opcode in column 1. (Bcf)
0054   1103           00111 Bcf                     STATUS,Z
Warning[203]: Found opcode in column 1. (INCF)
0055   0AA3           00112 INCF            segmentsayicisag,f
Warning[203]: Found opcode in column 1. (Movlw)
0056   300A           00113 Movlw           D'10'
Warning[203]: Found opcode in column 1. (Subwf)
0057   0223           00114 Subwf           segmentsayicisag,w
Warning[203]: Found opcode in column 1. (Btfsc)
0058   1903           00115 Btfsc           STATUS,Z
Warning[203]: Found opcode in column 1. (call)
0059   205E           00116 call                    arttirsol
MPASM  5.51                      UNTITLED.ASM   1-1-2020  20:26:39         PAGE  5


LOC  OBJECT CODE     LINE SOURCE TEXT
  VALUE

Warning[204]: Found pseudo-op in column 1. (Movfw)
005A   0823           00117 Movfw           segmentsayicisag
Warning[203]: Found opcode in column 1. (call)
005B   2069           00118 call                    Lookup
Warning[203]: Found opcode in column 1. (Movwf)
005C   00A4           00119 Movwf           segmentsag
Warning[203]: Found opcode in column 1. (return)
005D   0008           00120 return
                      00121 
005E                  00122 arttirsol
Warning[203]: Found opcode in column 1. (Bcf)
005E   1103           00123 Bcf                     STATUS,Z
Warning[203]: Found opcode in column 1. (CLRF)
005F   01A3           00124 CLRF            segmentsayicisag
Warning[203]: Found opcode in column 1. (INCF)
0060   0AA6           00125 INCF            segmentsayicisol,f
                      00126 
Warning[203]: Found opcode in column 1. (Movlw)
0061   3006           00127 Movlw           0x06
Warning[203]: Found opcode in column 1. (Subwf)
0062   0226           00128 Subwf           segmentsayicisol,w
Warning[203]: Found opcode in column 1. (Btfsc)
0063   1903           00129 Btfsc           STATUS,Z
Warning[203]: Found opcode in column 1. (Clrf)
0064   01A6           00130 Clrf                    segmentsayicisol
Warning[204]: Found pseudo-op in column 1. (Movfw)
0065   0826           00131 Movfw           segmentsayicisol
Warning[203]: Found opcode in column 1. (Call)
0066   2069           00132 Call            Lookup
Warning[203]: Found opcode in column 1. (Movwf)
0067   00A5           00133 Movwf           segmentsol
Warning[203]: Found opcode in column 1. (return)
0068   0008           00134 return
                      00135 
0069                  00136 Lookup
Warning[203]: Found opcode in column 1. (Addwf)
0069   0782           00137 Addwf   PCL,F
Warning[203]: Found opcode in column 1. (Retlw)
006A   343F           00138 Retlw   b'00111111'     
Warning[203]: Found opcode in column 1. (Retlw)
006B   3406           00139 Retlw   b'00000110'     
Warning[203]: Found opcode in column 1. (Retlw)
006C   345B           00140 Retlw   b'01011011'     
Warning[203]: Found opcode in column 1. (Retlw)
006D   344F           00141 Retlw   b'01001111'     
Warning[203]: Found opcode in column 1. (Retlw)
006E   3466           00142 Retlw   b'01100110'     
Warning[203]: Found opcode in column 1. (Retlw)
006F   346D           00143 Retlw   b'01101101'  
Warning[203]: Found opcode in column 1. (Retlw)
0070   347D           00144 Retlw   b'01111101' 
Warning[203]: Found opcode in column 1. (Retlw)
0071   3407           00145 Retlw   b'00000111'
MPASM  5.51                      UNTITLED.ASM   1-1-2020  20:26:39         PAGE  6


LOC  OBJECT CODE     LINE SOURCE TEXT
  VALUE

Warning[203]: Found opcode in column 1. (Retlw)
0072   347F           00146 Retlw   b'01111111'
Warning[203]: Found opcode in column 1. (Retlw)
0073   346F           00147 Retlw   b'01101111'
                      00148 
                      00149 
0074                  00150 gecikme10ms
Warning[203]: Found opcode in column 1. (Movlw)
0074   303A           00151 Movlw           D'58'
Warning[203]: Found opcode in column 1. (Movwf)
0075   00A7           00152 Movwf           gecikme1
                      00153 
0076                  00154 gecikme10ms2
Warning[203]: Found opcode in column 1. (Movlw)
0076   303A           00155 Movlw           D'58'
Warning[203]: Found opcode in column 1. (Movwf)
0077   00A8           00156 Movwf           gecikme2
                      00157 
0078                  00158 gecikme10ms3
Warning[203]: Found opcode in column 1. (Decfsz)
0078   0BA8           00159 Decfsz          gecikme2,f
Warning[203]: Found opcode in column 1. (goto)
0079   2878           00160 goto            gecikme10ms3
Warning[203]: Found opcode in column 1. (Decfsz)
007A   0BA7           00161 Decfsz          gecikme1,f
Warning[203]: Found opcode in column 1. (goto)
007B   2876           00162 goto            gecikme10ms2
Warning[203]: Found opcode in column 1. (return)
007C   0008           00163 return
                      00164 
                      00165 
Warning[205]: Found directive in column 1. (END)
                      00166 END
MPASM  5.51                      UNTITLED.ASM   1-1-2020  20:26:39         PAGE  7


SYMBOL TABLE
  LABEL                             VALUE 

ACKDT                             00000005
ACKEN                             00000004
ACKSTAT                           00000006
ADCON0                            0000001F
ADCON1                            0000009F
ADCS0                             00000006
ADCS1                             00000007
ADDEN                             00000003
ADFM                              00000007
ADIE                              00000006
ADIF                              00000006
ADON                              00000000
ADRESH                            0000001E
ADRESL                            0000009E
BCLIE                             00000003
BCLIF                             00000003
BF                                00000000
BRGH                              00000002
C                                 00000000
CCP1CON                           00000017
CCP1IE                            00000002
CCP1IF                            00000002
CCP1M0                            00000000
CCP1M1                            00000001
CCP1M2                            00000002
CCP1M3                            00000003
CCP1X                             00000005
CCP1Y                             00000004
CCP2CON                           0000001D
CCP2IE                            00000000
CCP2IF                            00000000
CCP2M0                            00000000
CCP2M1                            00000001
CCP2M2                            00000002
CCP2M3                            00000003
CCP2X                             00000005
CCP2Y                             00000004
CCPR1                             00000015
CCPR1H                            00000016
CCPR1L                            00000015
CCPR2                             0000001B
CCPR2H                            0000001C
CCPR2L                            0000001B
CHS0                              00000003
CHS1                              00000004
CHS2                              00000005
CKE                               00000006
CKP                               00000004
CREN                              00000004
CSRC                              00000007
D                                 00000005
DATA_ADDRESS                      00000005
DC                                00000001
MPASM  5.51                      UNTITLED.ASM   1-1-2020  20:26:39         PAGE  8


SYMBOL TABLE
  LABEL                             VALUE 

D_A                               00000005
D_NOT_A                           00000005
EEADR                             0000010D
EEADRH                            0000010F
EECON1                            0000018C
EECON2                            0000018D
EEDATA                            0000010C
EEDATH                            0000010E
EEIE                              00000004
EEIF                              00000004
EEPGD                             00000007
F                                 00000001
FERR                              00000002
FSR                               00000004
GCEN                              00000007
GIE                               00000007
GO                                00000002
GO_DONE                           00000002
GO_NOT_DONE                       00000002
I2C_DATA                          00000005
I2C_READ                          00000002
I2C_START                         00000003
I2C_STOP                          00000004
IBF                               00000007
IBOV                              00000005
INDF                              00000000
INTCON                            0000000B
INTE                              00000004
INTEDG                            00000006
INTF                              00000001
IRP                               00000007
Kesme                             00000040
Lookup                            00000069
NOT_A                             00000005
NOT_ADDRESS                       00000005
NOT_BO                            00000000
NOT_BOR                           00000000
NOT_DONE                          00000002
NOT_PD                            00000003
NOT_POR                           00000001
NOT_RBPU                          00000007
NOT_RC8                           00000006
NOT_T1SYNC                        00000002
NOT_TO                            00000004
NOT_TX8                           00000006
NOT_W                             00000002
NOT_WRITE                         00000002
OBF                               00000006
OERR                              00000001
OPTION_REG                        00000081
P                                 00000004
PCFG0                             00000000
PCFG1                             00000001
MPASM  5.51                      UNTITLED.ASM   1-1-2020  20:26:39         PAGE  9


SYMBOL TABLE
  LABEL                             VALUE 

PCFG2                             00000002
PCFG3                             00000003
PCL                               00000002
PCLATH                            0000000A
PCON                              0000008E
PEIE                              00000006
PEN                               00000002
PIE1                              0000008C
PIE2                              0000008D
PIR1                              0000000C
PIR2                              0000000D
PORTA                             00000005
PORTB                             00000006
PORTC                             00000007
PORTD                             00000008
PORTE                             00000009
PR2                               00000092
PS0                               00000000
PS1                               00000001
PS2                               00000002
PSA                               00000003
PSPIE                             00000007
PSPIF                             00000007
PSPMODE                           00000004
R                                 00000002
RA0                               00000000
RA1                               00000001
RA2                               00000002
RA3                               00000003
RA4                               00000004
RA5                               00000005
RB0                               00000000
RB1                               00000001
RB2                               00000002
RB3                               00000003
RB4                               00000004
RB5                               00000005
RB6                               00000006
RB7                               00000007
RBIE                              00000003
RBIF                              00000000
RC0                               00000000
RC1                               00000001
RC2                               00000002
RC3                               00000003
RC4                               00000004
RC5                               00000005
RC6                               00000006
RC7                               00000007
RC8_9                             00000006
RC9                               00000006
RCD8                              00000000
RCEN                              00000003
MPASM  5.51                      UNTITLED.ASM   1-1-2020  20:26:39         PAGE 10


SYMBOL TABLE
  LABEL                             VALUE 

RCIE                              00000005
RCIF                              00000005
RCREG                             0000001A
RCSTA                             00000018
RD                                00000000
RD0                               00000000
RD1                               00000001
RD2                               00000002
RD3                               00000003
RD4                               00000004
RD5                               00000005
RD6                               00000006
RD7                               00000007
RE0                               00000000
RE1                               00000001
RE2                               00000002
READ_WRITE                        00000002
RP0                               00000005
RP1                               00000006
RSEN                              00000001
RX9                               00000006
RX9D                              00000000
R_NOT_W                           00000002
R_W                               00000002
S                                 00000003
SEN                               00000000
SMP                               00000007
SPBRG                             00000099
SPEN                              00000007
SREN                              00000005
SSPADD                            00000093
SSPBUF                            00000013
SSPCON                            00000014
SSPCON2                           00000091
SSPEN                             00000005
SSPIE                             00000003
SSPIF                             00000003
SSPM0                             00000000
SSPM1                             00000001
SSPM2                             00000002
SSPM3                             00000003
SSPOV                             00000006
SSPSTAT                           00000094
STATUS                            00000003
SYNC                              00000004
SagSegment                        00000039
Setup                             00000005
SolSegment                        00000033
T0CS                              00000005
T0IE                              00000005
T0IF                              00000002
T0SE                              00000004
T1CKPS0                           00000004
MPASM  5.51                      UNTITLED.ASM   1-1-2020  20:26:39         PAGE 11


SYMBOL TABLE
  LABEL                             VALUE 

T1CKPS1                           00000005
T1CON                             00000010
T1INSYNC                          00000002
T1OSCEN                           00000003
T1SYNC                            00000002
T2CKPS0                           00000000
T2CKPS1                           00000001
T2CON                             00000012
TMR0                              00000001
TMR0IE                            00000005
TMR0IF                            00000002
TMR1                              0000000E
TMR1CS                            00000001
TMR1H                             0000000F
TMR1IE                            00000000
TMR1IF                            00000000
TMR1L                             0000000E
TMR1ON                            00000000
TMR2                              00000011
TMR2IE                            00000001
TMR2IF                            00000001
TMR2ON                            00000002
TOUTPS0                           00000003
TOUTPS1                           00000004
TOUTPS2                           00000005
TOUTPS3                           00000006
TRISA                             00000085
TRISA0                            00000000
TRISA1                            00000001
TRISA2                            00000002
TRISA3                            00000003
TRISA4                            00000004
TRISA5                            00000005
TRISB                             00000086
TRISB0                            00000000
TRISB1                            00000001
TRISB2                            00000002
TRISB3                            00000003
TRISB4                            00000004
TRISB5                            00000005
TRISB6                            00000006
TRISB7                            00000007
TRISC                             00000087
TRISC0                            00000000
TRISC1                            00000001
TRISC2                            00000002
TRISC3                            00000003
TRISC4                            00000004
TRISC5                            00000005
TRISC6                            00000006
TRISC7                            00000007
TRISD                             00000088
TRISD0                            00000000
MPASM  5.51                      UNTITLED.ASM   1-1-2020  20:26:39         PAGE 12


SYMBOL TABLE
  LABEL                             VALUE 

TRISD1                            00000001
TRISD2                            00000002
TRISD3                            00000003
TRISD4                            00000004
TRISD5                            00000005
TRISD6                            00000006
TRISD7                            00000007
TRISE                             00000089
TRISE0                            00000000
TRISE1                            00000001
TRISE2                            00000002
TRMT                              00000001
TX8_9                             00000006
TX9                               00000006
TX9D                              00000000
TXD8                              00000000
TXEN                              00000005
TXIE                              00000004
TXIF                              00000004
TXREG                             00000019
TXSTA                             00000098
UA                                00000001
W                                 00000000
WCOL                              00000007
WR                                00000001
WREN                              00000002
WRERR                             00000003
Z                                 00000002
_BODEN_OFF                        00003FBF
_BODEN_ON                         00003FFF
_BOREN_OFF                        00003FBF
_BOREN_ON                         00003FFF
_CONFIG                           00002007
_CPD_OFF                          00003FFF
_CPD_ON                           00003EFF
_CP_ALL                           00000FCF
_CP_HALF                          00001FDF
_CP_OFF                           00003FFF
_CP_UPPER_256                     00002FEF
_DEBUG_OFF                        00003FFF
_DEBUG_ON                         000037FF
_DEVID1                           00002006
_FOSC_EXTRC                       00003FFF
_FOSC_HS                          00003FFE
_FOSC_LP                          00003FFC
_FOSC_XT                          00003FFD
_HS_OSC                           00003FFE
_IDLOC0                           00002000
_IDLOC1                           00002001
_IDLOC2                           00002002
_IDLOC3                           00002003
_LP_OSC                           00003FFC
_LVP_OFF                          00003F7F
MPASM  5.51                      UNTITLED.ASM   1-1-2020  20:26:39         PAGE 13


SYMBOL TABLE
  LABEL                             VALUE 

_LVP_ON                           00003FFF
_PWRTE_OFF                        00003FFF
_PWRTE_ON                         00003FF7
_RC_OSC                           00003FFF
_WDTE_OFF                         00003FFB
_WDTE_ON                          00003FFF
_WDT_OFF                          00003FFB
_WDT_ON                           00003FFF
_WRT_ENABLE_OFF                   00003DFF
_WRT_ENABLE_ON                    00003FFF
_WRT_OFF                          00003DFF
_WRT_ON                           00003FFF
_XT_OSC                           00003FFD
__16F877                          00000001
__DEBUG                           1
arttirsag                         00000053
arttirsol                         0000005E
gecikme1                          00000027
gecikme10ms                       00000074
gecikme10ms2                      00000076
gecikme10ms3                      00000078
gecikme2                          00000028
sayac1                            00000020
sayac2                            00000021
segmentsag                        00000024
segmentsayicisag                  00000023
segmentsayicisol                  00000026
segmentsol                        00000025
yanmabiti                         00000029
yirmi_kontrol                     0000004D
yirmi_sayac                       00000022


MEMORY USAGE MAP ('X' = Used,  '-' = Unused)

0000 : X---XXXXXXXXXXXX XXXXXXXXXXXXXXXX XXXXXXXXXXXXXXXX XXXXXXXXXXXXXXXX
0040 : XXXXXXXXXXXXXXXX XXXXXXXXXXXXXXXX XXXXXXXXXXXXXXXX XXXXXXXXXXXXX---

All other memory blocks unused.

Program Memory Words Used:   122
Program Memory Words Free:  8070


Errors   :     0
Warnings :   115 reported,     0 suppressed
Messages :     8 reported,     0 suppressed

