Warning[205] C:\USERS\IAMCODDER\DESKTOP\CALIS\MPLAB\UNTITLED.ASM 14 : Found directive in column 1. (ORG)
Warning[203] C:\USERS\IAMCODDER\DESKTOP\CALIS\MPLAB\UNTITLED.ASM 15 : Found opcode in column 1. (goto)
Warning[205] C:\USERS\IAMCODDER\DESKTOP\CALIS\MPLAB\UNTITLED.ASM 17 : Found directive in column 1. (ORG)
Warning[203] C:\USERS\IAMCODDER\DESKTOP\CALIS\MPLAB\UNTITLED.ASM 18 : Found opcode in column 1. (goto)
Warning[205] C:\USERS\IAMCODDER\DESKTOP\CALIS\MPLAB\UNTITLED.ASM 22 : Found directive in column 1. (BANKSEL)
Warning[203] C:\USERS\IAMCODDER\DESKTOP\CALIS\MPLAB\UNTITLED.ASM 23 : Found opcode in column 1. (Bcf)
Message[302] C:\USERS\IAMCODDER\DESKTOP\CALIS\MPLAB\UNTITLED.ASM 23 : Register in operand not in bank 0.  Ensure that bank bits are correct.
Warning[203] C:\USERS\IAMCODDER\DESKTOP\CALIS\MPLAB\UNTITLED.ASM 24 : Found opcode in column 1. (Bcf)
Message[302] C:\USERS\IAMCODDER\DESKTOP\CALIS\MPLAB\UNTITLED.ASM 24 : Register in operand not in bank 0.  Ensure that bank bits are correct.
Warning[203] C:\USERS\IAMCODDER\DESKTOP\CALIS\MPLAB\UNTITLED.ASM 25 : Found opcode in column 1. (Bsf)
Message[302] C:\USERS\IAMCODDER\DESKTOP\CALIS\MPLAB\UNTITLED.ASM 25 : Register in operand not in bank 0.  Ensure that bank bits are correct.
Warning[203] C:\USERS\IAMCODDER\DESKTOP\CALIS\MPLAB\UNTITLED.ASM 26 : Found opcode in column 1. (Bcf)
Message[302] C:\USERS\IAMCODDER\DESKTOP\CALIS\MPLAB\UNTITLED.ASM 26 : Register in operand not in bank 0.  Ensure that bank bits are correct.
Warning[203] C:\USERS\IAMCODDER\DESKTOP\CALIS\MPLAB\UNTITLED.ASM 27 : Found opcode in column 1. (Bcf)
Message[302] C:\USERS\IAMCODDER\DESKTOP\CALIS\MPLAB\UNTITLED.ASM 27 : Register in operand not in bank 0.  Ensure that bank bits are correct.
Warning[205] C:\USERS\IAMCODDER\DESKTOP\CALIS\MPLAB\UNTITLED.ASM 29 : Found directive in column 1. (BANKSEL)
Warning[203] C:\USERS\IAMCODDER\DESKTOP\CALIS\MPLAB\UNTITLED.ASM 30 : Found opcode in column 1. (Bsf)
Warning[203] C:\USERS\IAMCODDER\DESKTOP\CALIS\MPLAB\UNTITLED.ASM 31 : Found opcode in column 1. (Bsf)
Warning[203] C:\USERS\IAMCODDER\DESKTOP\CALIS\MPLAB\UNTITLED.ASM 32 : Found opcode in column 1. (Bsf)
Warning[203] C:\USERS\IAMCODDER\DESKTOP\CALIS\MPLAB\UNTITLED.ASM 33 : Found opcode in column 1. (Bcf)
Warning[205] C:\USERS\IAMCODDER\DESKTOP\CALIS\MPLAB\UNTITLED.ASM 35 : Found directive in column 1. (BANKSEL)
Warning[203] C:\USERS\IAMCODDER\DESKTOP\CALIS\MPLAB\UNTITLED.ASM 36 : Found opcode in column 1. (Movlw)
Warning[203] C:\USERS\IAMCODDER\DESKTOP\CALIS\MPLAB\UNTITLED.ASM 37 : Found opcode in column 1. (Movwf)
Warning[205] C:\USERS\IAMCODDER\DESKTOP\CALIS\MPLAB\UNTITLED.ASM 39 : Found directive in column 1. (BANKSEL)
Warning[203] C:\USERS\IAMCODDER\DESKTOP\CALIS\MPLAB\UNTITLED.ASM 40 : Found opcode in column 1. (CLRF)
Message[302] C:\USERS\IAMCODDER\DESKTOP\CALIS\MPLAB\UNTITLED.ASM 40 : Register in operand not in bank 0.  Ensure that bank bits are correct.
Warning[205] C:\USERS\IAMCODDER\DESKTOP\CALIS\MPLAB\UNTITLED.ASM 41 : Found directive in column 1. (BANKSEL)
Warning[203] C:\USERS\IAMCODDER\DESKTOP\CALIS\MPLAB\UNTITLED.ASM 42 : Found opcode in column 1. (CLRF)
Warning[205] C:\USERS\IAMCODDER\DESKTOP\CALIS\MPLAB\UNTITLED.ASM 43 : Found directive in column 1. (BANKSEL)
Warning[203] C:\USERS\IAMCODDER\DESKTOP\CALIS\MPLAB\UNTITLED.ASM 44 : Found opcode in column 1. (Movlw)
Warning[203] C:\USERS\IAMCODDER\DESKTOP\CALIS\MPLAB\UNTITLED.ASM 45 : Found opcode in column 1. (Movwf)
Message[302] C:\USERS\IAMCODDER\DESKTOP\CALIS\MPLAB\UNTITLED.ASM 45 : Register in operand not in bank 0.  Ensure that bank bits are correct.
Warning[205] C:\USERS\IAMCODDER\DESKTOP\CALIS\MPLAB\UNTITLED.ASM 46 : Found directive in column 1. (BANKSEL)
Warning[203] C:\USERS\IAMCODDER\DESKTOP\CALIS\MPLAB\UNTITLED.ASM 47 : Found opcode in column 1. (CLRF)
Message[302] C:\USERS\IAMCODDER\DESKTOP\CALIS\MPLAB\UNTITLED.ASM 47 : Register in operand not in bank 0.  Ensure that bank bits are correct.
Warning[205] C:\USERS\IAMCODDER\DESKTOP\CALIS\MPLAB\UNTITLED.ASM 48 : Found directive in column 1. (BANKSEL)
Warning[203] C:\USERS\IAMCODDER\DESKTOP\CALIS\MPLAB\UNTITLED.ASM 49 : Found opcode in column 1. (MOVLW)
Warning[203] C:\USERS\IAMCODDER\DESKTOP\CALIS\MPLAB\UNTITLED.ASM 50 : Found opcode in column 1. (MOVWF)
Warning[203] C:\USERS\IAMCODDER\DESKTOP\CALIS\MPLAB\UNTITLED.ASM 52 : Found opcode in column 1. (CLRF)
Warning[203] C:\USERS\IAMCODDER\DESKTOP\CALIS\MPLAB\UNTITLED.ASM 53 : Found opcode in column 1. (CLRF)
Warning[203] C:\USERS\IAMCODDER\DESKTOP\CALIS\MPLAB\UNTITLED.ASM 54 : Found opcode in column 1. (CLRF)
Warning[203] C:\USERS\IAMCODDER\DESKTOP\CALIS\MPLAB\UNTITLED.ASM 55 : Found opcode in column 1. (CLRF)
Warning[203] C:\USERS\IAMCODDER\DESKTOP\CALIS\MPLAB\UNTITLED.ASM 56 : Found opcode in column 1. (CLRF)
Warning[203] C:\USERS\IAMCODDER\DESKTOP\CALIS\MPLAB\UNTITLED.ASM 57 : Found opcode in column 1. (CLRF)
Warning[203] C:\USERS\IAMCODDER\DESKTOP\CALIS\MPLAB\UNTITLED.ASM 58 : Found opcode in column 1. (CLRF)
Warning[203] C:\USERS\IAMCODDER\DESKTOP\CALIS\MPLAB\UNTITLED.ASM 59 : Found opcode in column 1. (CLRF)
Warning[203] C:\USERS\IAMCODDER\DESKTOP\CALIS\MPLAB\UNTITLED.ASM 60 : Found opcode in column 1. (CLRF)
Warning[203] C:\USERS\IAMCODDER\DESKTOP\CALIS\MPLAB\UNTITLED.ASM 61 : Found opcode in column 1. (Movlw)
Warning[203] C:\USERS\IAMCODDER\DESKTOP\CALIS\MPLAB\UNTITLED.ASM 62 : Found opcode in column 1. (Movwf)
Warning[203] C:\USERS\IAMCODDER\DESKTOP\CALIS\MPLAB\UNTITLED.ASM 63 : Found opcode in column 1. (goto)
Warning[203] C:\USERS\IAMCODDER\DESKTOP\CALIS\MPLAB\UNTITLED.ASM 67 : Found opcode in column 1. (RLF)
Warning[204] C:\USERS\IAMCODDER\DESKTOP\CALIS\MPLAB\UNTITLED.ASM 68 : Found pseudo-op in column 1. (Movfw)
Warning[203] C:\USERS\IAMCODDER\DESKTOP\CALIS\MPLAB\UNTITLED.ASM 69 : Found opcode in column 1. (Movwf)
Warning[204] C:\USERS\IAMCODDER\DESKTOP\CALIS\MPLAB\UNTITLED.ASM 70 : Found pseudo-op in column 1. (Movfw)
Warning[203] C:\USERS\IAMCODDER\DESKTOP\CALIS\MPLAB\UNTITLED.ASM 71 : Found opcode in column 1. (Movwf)
Warning[203] C:\USERS\IAMCODDER\DESKTOP\CALIS\MPLAB\UNTITLED.ASM 72 : Found opcode in column 1. (call)
Warning[203] C:\USERS\IAMCODDER\DESKTOP\CALIS\MPLAB\UNTITLED.ASM 75 : Found opcode in column 1. (RRF)
Warning[204] C:\USERS\IAMCODDER\DESKTOP\CALIS\MPLAB\UNTITLED.ASM 76 : Found pseudo-op in column 1. (Movfw)
Warning[203] C:\USERS\IAMCODDER\DESKTOP\CALIS\MPLAB\UNTITLED.ASM 77 : Found opcode in column 1. (Movwf)
Warning[204] C:\USERS\IAMCODDER\DESKTOP\CALIS\MPLAB\UNTITLED.ASM 78 : Found pseudo-op in column 1. (Movfw)
Warning[203] C:\USERS\IAMCODDER\DESKTOP\CALIS\MPLAB\UNTITLED.ASM 79 : Found opcode in column 1. (Movwf)
Warning[203] C:\USERS\IAMCODDER\DESKTOP\CALIS\MPLAB\UNTITLED.ASM 80 : Found opcode in column 1. (call)
Warning[203] C:\USERS\IAMCODDER\DESKTOP\CALIS\MPLAB\UNTITLED.ASM 81 : Found opcode in column 1. (goto)
Warning[205] C:\USERS\IAMCODDER\DESKTOP\CALIS\MPLAB\UNTITLED.ASM 85 : Found directive in column 1. (BANKSEL)
Warning[203] C:\USERS\IAMCODDER\DESKTOP\CALIS\MPLAB\UNTITLED.ASM 86 : Found opcode in column 1. (Bcf)
Warning[203] C:\USERS\IAMCODDER\DESKTOP\CALIS\MPLAB\UNTITLED.ASM 87 : Found opcode in column 1. (Bcf)
Warning[203] C:\USERS\IAMCODDER\DESKTOP\CALIS\MPLAB\UNTITLED.ASM 89 : Found opcode in column 1. (call)
Warning[203] C:\USERS\IAMCODDER\DESKTOP\CALIS\MPLAB\UNTITLED.ASM 91 : Found opcode in column 1. (Bcf)
Warning[203] C:\USERS\IAMCODDER\DESKTOP\CALIS\MPLAB\UNTITLED.ASM 92 : Found opcode in column 1. (Bsf)
Warning[203] C:\USERS\IAMCODDER\DESKTOP\CALIS\MPLAB\UNTITLED.ASM 93 : Found opcode in column 1. (Bsf)
Warning[205] C:\USERS\IAMCODDER\DESKTOP\CALIS\MPLAB\UNTITLED.ASM 94 : Found directive in column 1. (BANKSEL)
Warning[203] C:\USERS\IAMCODDER\DESKTOP\CALIS\MPLAB\UNTITLED.ASM 95 : Found opcode in column 1. (Movlw)
Warning[203] C:\USERS\IAMCODDER\DESKTOP\CALIS\MPLAB\UNTITLED.ASM 96 : Found opcode in column 1. (Movwf)
Warning[203] C:\USERS\IAMCODDER\DESKTOP\CALIS\MPLAB\UNTITLED.ASM 97 : Found opcode in column 1. (retfie)
Warning[203] C:\USERS\IAMCODDER\DESKTOP\CALIS\MPLAB\UNTITLED.ASM 101 : Found opcode in column 1. (Incf)
Warning[203] C:\USERS\IAMCODDER\DESKTOP\CALIS\MPLAB\UNTITLED.ASM 102 : Found opcode in column 1. (Movlw)
Warning[203] C:\USERS\IAMCODDER\DESKTOP\CALIS\MPLAB\UNTITLED.ASM 103 : Found opcode in column 1. (Subwf)
Warning[203] C:\USERS\IAMCODDER\DESKTOP\CALIS\MPLAB\UNTITLED.ASM 104 : Found opcode in column 1. (Btfsc)
Warning[203] C:\USERS\IAMCODDER\DESKTOP\CALIS\MPLAB\UNTITLED.ASM 105 : Found opcode in column 1. (call)
Warning[203] C:\USERS\IAMCODDER\DESKTOP\CALIS\MPLAB\UNTITLED.ASM 106 : Found opcode in column 1. (return)
Warning[203] C:\USERS\IAMCODDER\DESKTOP\CALIS\MPLAB\UNTITLED.ASM 110 : Found opcode in column 1. (CLRF)
Warning[203] C:\USERS\IAMCODDER\DESKTOP\CALIS\MPLAB\UNTITLED.ASM 111 : Found opcode in column 1. (Bcf)
Warning[203] C:\USERS\IAMCODDER\DESKTOP\CALIS\MPLAB\UNTITLED.ASM 112 : Found opcode in column 1. (INCF)
Warning[203] C:\USERS\IAMCODDER\DESKTOP\CALIS\MPLAB\UNTITLED.ASM 113 : Found opcode in column 1. (Movlw)
Warning[203] C:\USERS\IAMCODDER\DESKTOP\CALIS\MPLAB\UNTITLED.ASM 114 : Found opcode in column 1. (Subwf)
Warning[203] C:\USERS\IAMCODDER\DESKTOP\CALIS\MPLAB\UNTITLED.ASM 115 : Found opcode in column 1. (Btfsc)
Warning[203] C:\USERS\IAMCODDER\DESKTOP\CALIS\MPLAB\UNTITLED.ASM 116 : Found opcode in column 1. (call)
Warning[204] C:\USERS\IAMCODDER\DESKTOP\CALIS\MPLAB\UNTITLED.ASM 117 : Found pseudo-op in column 1. (Movfw)
Warning[203] C:\USERS\IAMCODDER\DESKTOP\CALIS\MPLAB\UNTITLED.ASM 118 : Found opcode in column 1. (call)
Warning[203] C:\USERS\IAMCODDER\DESKTOP\CALIS\MPLAB\UNTITLED.ASM 119 : Found opcode in column 1. (Movwf)
Warning[203] C:\USERS\IAMCODDER\DESKTOP\CALIS\MPLAB\UNTITLED.ASM 120 : Found opcode in column 1. (return)
Warning[203] C:\USERS\IAMCODDER\DESKTOP\CALIS\MPLAB\UNTITLED.ASM 123 : Found opcode in column 1. (Bcf)
Warning[203] C:\USERS\IAMCODDER\DESKTOP\CALIS\MPLAB\UNTITLED.ASM 124 : Found opcode in column 1. (CLRF)
Warning[203] C:\USERS\IAMCODDER\DESKTOP\CALIS\MPLAB\UNTITLED.ASM 125 : Found opcode in column 1. (INCF)
Warning[203] C:\USERS\IAMCODDER\DESKTOP\CALIS\MPLAB\UNTITLED.ASM 127 : Found opcode in column 1. (Movlw)
Warning[203] C:\USERS\IAMCODDER\DESKTOP\CALIS\MPLAB\UNTITLED.ASM 128 : Found opcode in column 1. (Subwf)
Warning[203] C:\USERS\IAMCODDER\DESKTOP\CALIS\MPLAB\UNTITLED.ASM 129 : Found opcode in column 1. (Btfsc)
Warning[203] C:\USERS\IAMCODDER\DESKTOP\CALIS\MPLAB\UNTITLED.ASM 130 : Found opcode in column 1. (Clrf)
Warning[204] C:\USERS\IAMCODDER\DESKTOP\CALIS\MPLAB\UNTITLED.ASM 131 : Found pseudo-op in column 1. (Movfw)
Warning[203] C:\USERS\IAMCODDER\DESKTOP\CALIS\MPLAB\UNTITLED.ASM 132 : Found opcode in column 1. (Call)
Warning[203] C:\USERS\IAMCODDER\DESKTOP\CALIS\MPLAB\UNTITLED.ASM 133 : Found opcode in column 1. (Movwf)
Warning[203] C:\USERS\IAMCODDER\DESKTOP\CALIS\MPLAB\UNTITLED.ASM 134 : Found opcode in column 1. (return)
Warning[203] C:\USERS\IAMCODDER\DESKTOP\CALIS\MPLAB\UNTITLED.ASM 137 : Found opcode in column 1. (Addwf)
Warning[203] C:\USERS\IAMCODDER\DESKTOP\CALIS\MPLAB\UNTITLED.ASM 138 : Found opcode in column 1. (Retlw)
Warning[203] C:\USERS\IAMCODDER\DESKTOP\CALIS\MPLAB\UNTITLED.ASM 139 : Found opcode in column 1. (Retlw)
Warning[203] C:\USERS\IAMCODDER\DESKTOP\CALIS\MPLAB\UNTITLED.ASM 140 : Found opcode in column 1. (Retlw)
Warning[203] C:\USERS\IAMCODDER\DESKTOP\CALIS\MPLAB\UNTITLED.ASM 141 : Found opcode in column 1. (Retlw)
Warning[203] C:\USERS\IAMCODDER\DESKTOP\CALIS\MPLAB\UNTITLED.ASM 142 : Found opcode in column 1. (Retlw)
Warning[203] C:\USERS\IAMCODDER\DESKTOP\CALIS\MPLAB\UNTITLED.ASM 143 : Found opcode in column 1. (Retlw)
Warning[203] C:\USERS\IAMCODDER\DESKTOP\CALIS\MPLAB\UNTITLED.ASM 144 : Found opcode in column 1. (Retlw)
Warning[203] C:\USERS\IAMCODDER\DESKTOP\CALIS\MPLAB\UNTITLED.ASM 145 : Found opcode in column 1. (Retlw)
Warning[203] C:\USERS\IAMCODDER\DESKTOP\CALIS\MPLAB\UNTITLED.ASM 146 : Found opcode in column 1. (Retlw)
Warning[203] C:\USERS\IAMCODDER\DESKTOP\CALIS\MPLAB\UNTITLED.ASM 147 : Found opcode in column 1. (Retlw)
Warning[203] C:\USERS\IAMCODDER\DESKTOP\CALIS\MPLAB\UNTITLED.ASM 151 : Found opcode in column 1. (Movlw)
Warning[203] C:\USERS\IAMCODDER\DESKTOP\CALIS\MPLAB\UNTITLED.ASM 152 : Found opcode in column 1. (Movwf)
Warning[203] C:\USERS\IAMCODDER\DESKTOP\CALIS\MPLAB\UNTITLED.ASM 155 : Found opcode in column 1. (Movlw)
Warning[203] C:\USERS\IAMCODDER\DESKTOP\CALIS\MPLAB\UNTITLED.ASM 156 : Found opcode in column 1. (Movwf)
Warning[203] C:\USERS\IAMCODDER\DESKTOP\CALIS\MPLAB\UNTITLED.ASM 159 : Found opcode in column 1. (Decfsz)
Warning[203] C:\USERS\IAMCODDER\DESKTOP\CALIS\MPLAB\UNTITLED.ASM 160 : Found opcode in column 1. (goto)
Warning[203] C:\USERS\IAMCODDER\DESKTOP\CALIS\MPLAB\UNTITLED.ASM 161 : Found opcode in column 1. (Decfsz)
Warning[203] C:\USERS\IAMCODDER\DESKTOP\CALIS\MPLAB\UNTITLED.ASM 162 : Found opcode in column 1. (goto)
Warning[203] C:\USERS\IAMCODDER\DESKTOP\CALIS\MPLAB\UNTITLED.ASM 163 : Found opcode in column 1. (return)
Warning[205] C:\USERS\IAMCODDER\DESKTOP\CALIS\MPLAB\UNTITLED.ASM 166 : Found directive in column 1. (END)
